<?xml version="1.0" encoding="UTF-8"?>
<!-- Generated by org.testng.reporters.JUnitXMLReporter -->
<testsuite hostname="C02G99UAMD6M.local" failures="1" tests="2" name="Surefire test" time="32.821" errors="0" timestamp="14 Nov 2022 19:44:08 GMT">
  <testcase classname="testRunner.TestRun" name="runScenario" time="15.698">
    <failure type="java.lang.AssertionError" message="ValidarDirecionamentoParaElementsPage -&amp;gt; Falha ao visualizar a página Elements">
      <![CDATA[java.lang.AssertionError: ValidarDirecionamentoParaElementsPage -> Falha ao visualizar a página Elements
	at org.junit.Assert.fail(Assert.java:89)
	at org.junit.Assert.assertTrue(Assert.java:42)
	at stepDefinitions.AcessarSiteSteps.visualizoAPáginaElements(AcessarSiteSteps.java:28)
	at ✽.Visualizo a página Elements(file:///Users/leonardomincola/Documents/QA%20tools/SeleniumJavaCucumber/features/AcessarSite.feature:6)
]]>
    </failure>
  </testcase> <!-- runScenario -->
  <testcase classname="testRunner.TestRun" name="runScenario" time="12.887"/>
</testsuite> <!-- Surefire test -->
