-------------------------------------------------------------------------------
Test set: testRunner.TestRun
-------------------------------------------------------------------------------
Tests run: 1, Failures: 1, Errors: 0, Skipped: 0, Time elapsed: 9.721 s <<< FAILURE! - in testRunner.TestRun
runScenario(testRunner.TestRun)  Time elapsed: 0.265 s  <<< FAILURE!
java.lang.IllegalStateException: The driver executable does not exist: /Users/leonardomincola/Documents/QA tools/src/webdriver/chromedriver

