<?xml version="1.0" encoding="UTF-8"?>
<testng-results total="2" passed="1" failed="1" skipped="0">
  <reporter-output>
  </reporter-output>
  <suite started-at="2022-11-14T19:43:30Z" name="Surefire suite" finished-at="2022-11-14T19:44:03Z" duration-ms="32821">
    <groups>
      <group name="cucumber">
        <method signature="AbstractTestNGCucumberTests.runScenario(io.cucumber.testng.PickleWrapper, io.cucumber.testng.FeatureWrapper)[pri:0, instance:testRunner.TestRun@6e20b53a]" name="runScenario" class="io.cucumber.testng.AbstractTestNGCucumberTests"/>
      </group> <!-- cucumber -->
    </groups>
    <test started-at="2022-11-14T19:43:30Z" name="Surefire test" finished-at="2022-11-14T19:44:03Z" duration-ms="32821">
      <class name="testRunner.TestRun">
        <test-method is-config="true" signature="setUpClass()[pri:0, instance:testRunner.TestRun@6e20b53a]" started-at="2022-11-14T16:43:30Z" name="setUpClass" finished-at="2022-11-14T16:43:31Z" duration-ms="429" status="PASS">
          <reporter-output>
          </reporter-output>
        </test-method> <!-- setUpClass -->
        <test-method signature="runScenario(io.cucumber.testng.PickleWrapper, io.cucumber.testng.FeatureWrapper)[pri:0, instance:testRunner.TestRun@6e20b53a]" started-at="2022-11-14T16:43:31Z" name="runScenario" description="Runs Cucumber Scenarios" data-provider="scenarios" finished-at="2022-11-14T16:43:47Z" duration-ms="15698" status="FAIL">
          <params>
            <param index="0">
              <value>
                <![CDATA["Validar o acesso a tela Elements"]]>
              </value>
            </param>
            <param index="1">
              <value>
                <![CDATA["Optional[AcessarSite]"]]>
              </value>
            </param>
          </params>
          <exception class="java.lang.AssertionError">
            <message>
              <![CDATA[ValidarDirecionamentoParaElementsPage -> Falha ao visualizar a página Elements]]>
            </message>
            <full-stacktrace>
              <![CDATA[java.lang.AssertionError: ValidarDirecionamentoParaElementsPage -> Falha ao visualizar a página Elements
	at org.junit.Assert.fail(Assert.java:89)
	at org.junit.Assert.assertTrue(Assert.java:42)
	at stepDefinitions.AcessarSiteSteps.visualizoAPáginaElements(AcessarSiteSteps.java:28)
	at ✽.Visualizo a página Elements(file:///Users/leonardomincola/Documents/QA%20tools/SeleniumJavaCucumber/features/AcessarSite.feature:6)
]]>
            </full-stacktrace>
          </exception> <!-- java.lang.AssertionError -->
          <reporter-output>
          </reporter-output>
        </test-method> <!-- runScenario -->
        <test-method signature="runScenario(io.cucumber.testng.PickleWrapper, io.cucumber.testng.FeatureWrapper)[pri:0, instance:testRunner.TestRun@6e20b53a]" started-at="2022-11-14T16:43:47Z" name="runScenario" description="Runs Cucumber Scenarios" data-provider="scenarios" finished-at="2022-11-14T16:43:59Z" duration-ms="12887" status="PASS">
          <params>
            <param index="0">
              <value>
                <![CDATA["Validar o acesso a tela Forms"]]>
              </value>
            </param>
            <param index="1">
              <value>
                <![CDATA["Optional[AcessarSite]"]]>
              </value>
            </param>
          </params>
          <reporter-output>
          </reporter-output>
        </test-method> <!-- runScenario -->
        <test-method is-config="true" signature="tearDownClass()[pri:0, instance:testRunner.TestRun@6e20b53a]" started-at="2022-11-14T16:43:59Z" name="tearDownClass" finished-at="2022-11-14T16:44:03Z" duration-ms="3786" status="PASS">
          <reporter-output>
          </reporter-output>
        </test-method> <!-- tearDownClass -->
      </class> <!-- testRunner.TestRun -->
    </test> <!-- Surefire test -->
  </suite> <!-- Surefire suite -->
</testng-results>
