<?xml version="1.0" encoding="UTF-8"?>
<!-- Generated by org.testng.reporters.JUnitReportReporter -->
<testsuite hostname="C02G99UAMD6M.local" failures="0" tests="1" name="testRunner.TestRun" time="0.259" errors="1" timestamp="13 Nov 2022 14:09:28 GMT">
  <testcase classname="testRunner.TestRun" name="runScenario" time="0.259">
    <error message="The driver executable does not exist: /Users/leonardomincola/Documents/QA tools/src/webdriver/chromedriver" type="java.lang.IllegalStateException">
      <![CDATA[java.lang.IllegalStateException: The driver executable does not exist: /Users/leonardomincola/Documents/QA tools/src/webdriver/chromedriver
	at com.google.common.base.Preconditions.checkState(Preconditions.java:534)
	at org.openqa.selenium.remote.service.DriverService.checkExecutable(DriverService.java:136)
	at org.openqa.selenium.remote.service.DriverService.findExecutable(DriverService.java:131)
	at org.openqa.selenium.chrome.ChromeDriverService.access$000(ChromeDriverService.java:32)
	at org.openqa.selenium.chrome.ChromeDriverService$Builder.findDefaultExecutable(ChromeDriverService.java:137)
	at org.openqa.selenium.remote.service.DriverService$Builder.build(DriverService.java:329)
	at org.openqa.selenium.chrome.ChromeDriverService.createDefaultService(ChromeDriverService.java:88)
	at org.openqa.selenium.chrome.ChromeDriver.<init>(ChromeDriver.java:157)
	at utils.ClassDriver.StartDriver(ClassDriver.java:52)
	at testActions.NavegarActions.acessarSite(NavegarActions.java:26)
	at stepDefinitions.AcessarSiteSteps.acesso_o_portal(AcessarSiteSteps.java:16)
	at âœ½.Acesso o portal "https://demoqa.com/"(file:///Users/leonardomincola/Documents/QA%20tools/SeleniumJavaCucumber/features/AcessarSite.feature:4)
]]>
    </error>
  </testcase> <!-- runScenario -->
</testsuite> <!-- testRunner.TestRun -->
